<?xml version="1.0" encoding="UTF-8"?>
<testsuite xmlns:xsi="http://www.w3.org/2001/XMLSchema-instance" xsi:noNamespaceSchemaLocation="https://maven.apache.org/surefire/maven-surefire-plugin/xsd/surefire-test-report.xsd" name="TestRunner" time="377.214" tests="30" errors="1" skipped="0" failures="0">
  <properties>
[...]
</properties>
  <testcase name="Login page displayed" classname="Base test" time="7.888"/>
  <testcase name="Register page displayed" classname="Base test" time="6.132"/>
  <testcase name="Hotels page displayed" classname="Base test" time="7.058"/>
  <testcase name="Flights page displayed" classname="Base test" time="6.601"/>
  <testcase name="Tours page displayed" classname="Base test" time="8.278"/>
  <testcase name="Cars page displayed" classname="Base test" time="9.082">
    <error message="java.net.ConnectException: Failed to connect to localhost/0:0:0:0:0:0:0:1:23482&#10;Build info: version: &apos;3.9.1&apos;, revision: &apos;63f7b50&apos;, time: &apos;2018-02-07T22:25:02.294Z&apos;&#10;System info: host: &apos;INTERNSHIP01&apos;, ip: &apos;10.1.193.105&apos;, os.name: &apos;Windows 10&apos;, os.arch: &apos;amd64&apos;, os.version: &apos;10.0&apos;, java.version: &apos;9.0.4&apos;&#10;Driver info: driver.version: RemoteWebDriver" type="org.openqa.selenium.WebDriverException">org.openqa.selenium.WebDriverException: 
java.net.ConnectException: Failed to connect to localhost/0:0:0:0:0:0:0:1:23482
Build info: version: '3.9.1', revision: '63f7b50', time: '2018-02-07T22:25:02.294Z'
System info: host: 'INTERNSHIP01', ip: '10.1.193.105', os.name: 'Windows 10', os.arch: 'amd64', os.version: '10.0', java.version: '9.0.4'
Driver info: driver.version: RemoteWebDriver
Caused by: java.net.ConnectException: Failed to connect to localhost/0:0:0:0:0:0:0:1:23482
Caused by: java.net.ConnectException: Connection refused: connect
</error>
    <system-err><![CDATA[Mar 23, 2018 11:51:49 AM org.openqa.selenium.remote.ProtocolHandshake createSession
INFO: Detected dialect: OSS
]]></system-err>
  </testcase>
  <testcase name="Offers page displayed" classname="Base test" time="8.382"/>
  <testcase name="Visa page displayed" classname="Base test" time="9.436"/>
  <testcase name="Blog page displayed" classname="Base test" time="8.246"/>
  <testcase name="User logged out" classname="Base test" time="16.739"/>
  <testcase name="User is logging" classname="Login tests" time="12.541"/>
  <testcase name="User is logging" classname="Login tests" time="10.311"/>
  <testcase name="User is logging" classname="Login tests" time="10.167"/>
  <testcase name="User is logging" classname="Login tests" time="11.253"/>
  <testcase name="User is logging" classname="Login tests" time="9.957"/>
  <testcase name="User registration" classname="Login tests" time="8.518"/>
  <testcase name="User is forget password" classname="Login tests" time="16.263"/>
  <testcase name="User is forget password" classname="Login tests" time="15.896"/>
  <testcase name="User is sign up" classname="Register user" time="14.268"/>
  <testcase name="User is sign up" classname="Register user" time="15.029"/>
  <testcase name="User is sign up" classname="Register user" time="14.676"/>
  <testcase name="User is sign up" classname="Register user" time="14.511"/>
  <testcase name="User is sign up" classname="Register user" time="14.919"/>
  <testcase name="User is sign up" classname="Register user" time="15.969"/>
  <testcase name="User is sign up" classname="Register user" time="15.252"/>
  <testcase name="User is sign up" classname="Register user" time="15.214"/>
  <testcase name="User tries to register in twice with same data" classname="Register user" time="30.353"/>
  <testcase name="User writes passwords during registration" classname="Register user" time="14.549"/>
  <testcase name="User writes passwords during registration" classname="Register user" time="14.669"/>
  <testcase name="User writes passwords during registration" classname="Register user" time="14.689"/>
</testsuite>