<?xml version="1.0" encoding="UTF-8"?>
<testsuite xmlns:xsi="http://www.w3.org/2001/XMLSchema-instance" xsi:noNamespaceSchemaLocation="https://maven.apache.org/surefire/maven-surefire-plugin/xsd/surefire-test-report.xsd" name="TestRunner" time="363.588" tests="30" errors="4" skipped="0" failures="0">
  <properties>
[...]
</properties>
  <testcase name="Login page displayed" classname="Base test" time="6.062"/>
  <testcase name="Register page displayed" classname="Base test" time="6.145"/>
  <testcase name="Hotels page displayed" classname="Base test" time="6.791"/>
  <testcase name="Flights page displayed" classname="Base test" time="6.283"/>
  <testcase name="Tours page displayed" classname="Base test" time="6.524"/>
  <testcase name="Cars page displayed" classname="Base test" time="8.043">
    <error message="java.net.ConnectException: Failed to connect to localhost/0:0:0:0:0:0:0:1:14407&#10;Build info: version: &apos;3.9.1&apos;, revision: &apos;63f7b50&apos;, time: &apos;2018-02-07T22:25:02.294Z&apos;&#10;System info: host: &apos;INTERNSHIP01&apos;, ip: &apos;10.1.193.105&apos;, os.name: &apos;Windows 10&apos;, os.arch: &apos;amd64&apos;, os.version: &apos;10.0&apos;, java.version: &apos;9.0.4&apos;&#10;Driver info: driver.version: RemoteWebDriver" type="org.openqa.selenium.WebDriverException">org.openqa.selenium.WebDriverException: 
java.net.ConnectException: Failed to connect to localhost/0:0:0:0:0:0:0:1:14407
Build info: version: '3.9.1', revision: '63f7b50', time: '2018-02-07T22:25:02.294Z'
System info: host: 'INTERNSHIP01', ip: '10.1.193.105', os.name: 'Windows 10', os.arch: 'amd64', os.version: '10.0', java.version: '9.0.4'
Driver info: driver.version: RemoteWebDriver
Caused by: java.net.ConnectException: Failed to connect to localhost/0:0:0:0:0:0:0:1:14407
Caused by: java.net.ConnectException: Connection refused: connect
</error>
    <system-err><![CDATA[Mar 23, 2018 9:25:08 AM org.openqa.selenium.remote.ProtocolHandshake createSession
INFO: Detected dialect: OSS
]]></system-err>
  </testcase>
  <testcase name="Offers page displayed" classname="Base test" time="6.071"/>
  <testcase name="Visa page displayed" classname="Base test" time="8.669"/>
  <testcase name="Blog page displayed" classname="Base test" time="6.162"/>
  <testcase name="User logged out" classname="Base test" time="14.035"/>
  <testcase name="User is logging" classname="Login tests" time="11.395"/>
  <testcase name="User is logging" classname="Login tests" time="9.889"/>
  <testcase name="User is logging" classname="Login tests" time="10.691"/>
  <testcase name="User is logging" classname="Login tests" time="10.436"/>
  <testcase name="User is logging" classname="Login tests" time="9.921"/>
  <testcase name="User registration" classname="Login tests" time="8.87"/>
  <testcase name="User is forget password" classname="Login tests" time="18.407">
    <error message="Unable to locate element: {&quot;method&quot;:&quot;name&quot;,&quot;selector&quot;:&quot;.//*[@id=&apos;ForgetPassword&apos;]/div/div/div[1]/button&quot;}&#10;Command duration or timeout: 0 milliseconds" type="org.openqa.selenium.NoSuchElementException">org.openqa.selenium.NoSuchElementException: 
Unable to locate element: {"method":"name","selector":".//*[@id='ForgetPassword']/div/div/div[1]/button"}
Command duration or timeout: 0 milliseconds
Caused by: org.openqa.selenium.NoSuchElementException: 
Unable to locate element: {"method":"name","selector":".//*[@id='ForgetPassword']/div/div/div[1]/button"}
For documentation on this error, please visit: http://seleniumhq.org/exceptions/no_such_element.html
Build info: version: '3.9.1', revision: '63f7b50', time: '2018-02-07T22:25:02.294Z'
System info: host: 'INTERNSHIP01', ip: '10.1.193.105', os.name: 'Windows 10', os.arch: 'amd64', os.version: '10.0', java.version: '9.0.4'
Driver info: driver.version: unknown
</error>
    <system-err><![CDATA[Mar 23, 2018 9:26:52 AM org.openqa.selenium.remote.ProtocolHandshake createSession
INFO: Detected dialect: OSS
]]></system-err>
  </testcase>
  <testcase name="User is forget password" classname="Login tests" time="18.438">
    <error message="Unable to locate element: {&quot;method&quot;:&quot;name&quot;,&quot;selector&quot;:&quot;.//*[@id=&apos;ForgetPassword&apos;]/div/div/div[1]/button&quot;}&#10;Command duration or timeout: 0 milliseconds" type="org.openqa.selenium.NoSuchElementException">org.openqa.selenium.NoSuchElementException: 
Unable to locate element: {"method":"name","selector":".//*[@id='ForgetPassword']/div/div/div[1]/button"}
Command duration or timeout: 0 milliseconds
Caused by: org.openqa.selenium.NoSuchElementException: 
Unable to locate element: {"method":"name","selector":".//*[@id='ForgetPassword']/div/div/div[1]/button"}
For documentation on this error, please visit: http://seleniumhq.org/exceptions/no_such_element.html
Build info: version: '3.9.1', revision: '63f7b50', time: '2018-02-07T22:25:02.294Z'
System info: host: 'INTERNSHIP01', ip: '10.1.193.105', os.name: 'Windows 10', os.arch: 'amd64', os.version: '10.0', java.version: '9.0.4'
Driver info: driver.version: unknown
</error>
    <system-err><![CDATA[Mar 23, 2018 9:27:11 AM org.openqa.selenium.remote.ProtocolHandshake createSession
INFO: Detected dialect: OSS
]]></system-err>
  </testcase>
  <testcase name="User is sign up" classname="Register user" time="14.856"/>
  <testcase name="User is sign up" classname="Register user" time="14.855"/>
  <testcase name="User is sign up" classname="Register user" time="14.815"/>
  <testcase name="User is sign up" classname="Register user" time="14.891"/>
  <testcase name="User is sign up" classname="Register user" time="15.087"/>
  <testcase name="User is sign up" classname="Register user" time="14.865"/>
  <testcase name="User is sign up" classname="Register user" time="14.832"/>
  <testcase name="User is sign up" classname="Register user" time="14.189"/>
  <testcase name="User tries to register in twice with same data" classname="Register user" time="24.351">
    <error message="Element not found in the cache - perhaps the page has changed since it was looked up&#10;Command duration or timeout: 0 milliseconds" type="org.openqa.selenium.StaleElementReferenceException">org.openqa.selenium.StaleElementReferenceException: 
Element not found in the cache - perhaps the page has changed since it was looked up
Command duration or timeout: 0 milliseconds
Caused by: org.openqa.selenium.StaleElementReferenceException: 
Element not found in the cache - perhaps the page has changed since it was looked up
For documentation on this error, please visit: http://seleniumhq.org/exceptions/stale_element_reference.html
Build info: version: '3.9.1', revision: '63f7b50', time: '2018-02-07T22:25:02.294Z'
System info: host: 'INTERNSHIP01', ip: '10.1.193.105', os.name: 'Windows 10', os.arch: 'amd64', os.version: '10.0', java.version: '9.0.4'
Driver info: driver.version: unknown
</error>
    <system-err><![CDATA[Mar 23, 2018 9:29:27 AM org.openqa.selenium.remote.ProtocolHandshake createSession
INFO: Detected dialect: OSS
]]></system-err>
  </testcase>
  <testcase name="User writes passwords during registration" classname="Register user" time="14.92"/>
  <testcase name="User writes passwords during registration" classname="Register user" time="16.475"/>
  <testcase name="User writes passwords during registration" classname="Register user" time="16.246"/>
</testsuite>